<?xml version="1.0" encoding="UTF-8"?>
<!-- Generated by org.testng.reporters.JUnitReportReporter -->
<testsuite hostname="EQ-EQ6281043" name="com.learn.maven.DemoMaven" tests="1" failures="0" timestamp="15 Nov 2018 04:08:43 GMT" time="16.304" errors="0">
  <testcase name="testMaven" time="16.304" classname="com.learn.maven.DemoMaven"/>
</testsuite>
